生成启动时间为 2016/5/7 12:39:46。
     1>项目“E:\Pop3\Pop3\Pop3.vcxproj”在节点 2 上(build 个目标)。
     1>InitializeBuildStatus:
         正在创建“Debug\Pop3.unsuccessfulbuild”，因为已指定“AlwaysCreate”。
       ClCompile:
         所有输出均为最新。
         C:\Program Files (x86)\Microsoft Visual Studio 10.0\VC\bin\CL.exe /c /ZI /nologo /W3 /WX- /Od /Oy- /D WIN32 /D _WINDOWS /D _DEBUG /D _MBCS /D _AFXDLL /Gm /EHsc /RTC1 /MDd /GS /fp:precise /Zc:wchar_t /Zc:forScope /Yu"StdAfx.h" /Fp"Debug\Pop3.pch" /Fo"Debug\\" /Fd"Debug\vc100.pdb" /Gd /TP /analyze- /errorReport:prompt Pop3Manage.cpp
         Pop3Manage.cpp
       ResourceCompile:
         所有输出均为最新。
       ManifestResourceCompile:
         所有输出均为最新。
       Link:
         C:\Program Files (x86)\Microsoft Visual Studio 10.0\VC\bin\link.exe /ERRORREPORT:PROMPT /OUT:"E:\Pop3\Debug\Pop3.exe" /INCREMENTAL /NOLOGO /MANIFEST /ManifestFile:"Debug\Pop3.exe.intermediate.manifest" /MANIFESTUAC:"level='asInvoker' uiAccess='false'" /DEBUG /PDB:"E:\Pop3\Debug\Pop3.pdb" /SUBSYSTEM:WINDOWS /TLBID:1 /DYNAMICBASE /NXCOMPAT /IMPLIB:"E:\Pop3\Debug\Pop3.lib" /MACHINE:X86 Debug\Pop3.res
         Debug\Pop3.exe.embed.manifest.res
         Debug\BasePop3Socket.obj
         Debug\ChooseDlg.obj
         Debug\MsgViewDlg.obj
         Debug\Pop3.obj
         Debug\Pop3Dlg.obj
         Debug\Pop3Manage.obj
         Debug\stdafx.obj
       Manifest:
         C:\Program Files (x86)\Microsoft SDKs\Windows\v7.0A\bin\mt.exe /nologo /verbose /out:"Debug\Pop3.exe.embed.manifest" /manifest Debug\Pop3.exe.intermediate.manifest "C:\Program Files (x86)\Microsoft Visual Studio 10.0\VC\Include\Manifest\dpiaware.manifest"
         所有输出均为最新。
       LinkEmbedManifest:
         所有输出均为最新。
         Pop3.vcxproj -> E:\Pop3\Debug\Pop3.exe
       FinalizeBuildStatus:
         正在删除文件“Debug\Pop3.unsuccessfulbuild”。
         正在对“Debug\Pop3.lastbuildstate”执行 Touch 任务。
     1>已完成生成项目“E:\Pop3\Pop3\Pop3.vcxproj”(build 个目标)的操作。

生成成功。

已用时间 00:00:01.11
