H:\MYCODE\QQ\QQSERVER2\DEBUG\QQSERVER2.EXE
H:\MYCODE\QQ\QQSERVER2\DEBUG\QQSERVER2.ILK
H:\MYCODE\QQ\QQSERVER2\DEBUG\QQSERVER2.PDB
H:\mycode\QQ\QQServer2\QQServer2\Debug\cl.command.1.tlog
H:\mycode\QQ\QQServer2\QQServer2\Debug\CL.read.1.tlog
H:\mycode\QQ\QQServer2\QQServer2\Debug\CL.write.1.tlog
H:\mycode\QQ\QQServer2\QQServer2\Debug\link.command.1.tlog
H:\mycode\QQ\QQServer2\QQServer2\Debug\link.read.1.tlog
H:\mycode\QQ\QQServer2\QQServer2\Debug\link.write.1.tlog
H:\mycode\QQ\QQServer2\QQServer2\Debug\link-cvtres.read.1.tlog
H:\mycode\QQ\QQServer2\QQServer2\Debug\link-cvtres.write.1.tlog
H:\mycode\QQ\QQServer2\QQServer2\Debug\mt.command.1.tlog
H:\mycode\QQ\QQServer2\QQServer2\Debug\mt.read.1.tlog
H:\mycode\QQ\QQServer2\QQServer2\Debug\mt.write.1.tlog
H:\MYCODE\QQ\QQSERVER2\QQSERVER2\DEBUG\QQSERVER2.EXE.EMBED.MANIFEST
H:\MYCODE\QQ\QQSERVER2\QQSERVER2\DEBUG\QQSERVER2.EXE.EMBED.MANIFEST.RES
H:\MYCODE\QQ\QQSERVER2\QQSERVER2\DEBUG\QQSERVER2.EXE.INTERMEDIATE.MANIFEST
H:\MYCODE\QQ\QQSERVER2\QQSERVER2\DEBUG\QQSERVER2.OBJ
H:\MYCODE\QQ\QQSERVER2\QQSERVER2\DEBUG\QQSERVER2.PCH
H:\MYCODE\QQ\QQSERVER2\QQSERVER2\DEBUG\QQSERVER2.RES
H:\mycode\QQ\QQServer2\QQServer2\Debug\QQServer2.write.1.tlog
H:\mycode\QQ\QQServer2\QQServer2\Debug\QQServer2_manifest.rc
H:\MYCODE\QQ\QQSERVER2\QQSERVER2\DEBUG\QQSERVER2DLG.OBJ
H:\mycode\QQ\QQServer2\QQServer2\Debug\rc.command.1.tlog
H:\mycode\QQ\QQServer2\QQServer2\Debug\rc.read.1.tlog
H:\mycode\QQ\QQServer2\QQServer2\Debug\rc.write.1.tlog
H:\MYCODE\QQ\QQSERVER2\QQSERVER2\DEBUG\STDAFX.OBJ
H:\mycode\QQ\QQServer2\QQServer2\Debug\vc100.idb
H:\MYCODE\QQ\QQSERVER2\QQSERVER2\DEBUG\VC100.PDB
