生成启动时间为 2016/4/21 20:16:58。
     1>项目“H:\mycode\QQ\QQClient\QQClient\QQClient.vcxproj”在节点 2 上(rebuild 个目标)。
     1>_PrepareForClean:
         正在删除文件“Debug\QQClient.lastbuildstate”。
       InitializeBuildStatus:
         正在创建“Debug\QQClient.unsuccessfulbuild”，因为已指定“AlwaysCreate”。
       ClCompile:
         F:\网络安全\VS2010\VC\bin\CL.exe /c /ZI /nologo /W3 /WX- /Od /Oy- /D WIN32 /D _WINDOWS /D _DEBUG /D _MBCS /D _AFXDLL /Gm /EHsc /RTC1 /MDd /GS /fp:precise /Zc:wchar_t /Zc:forScope /Yc"StdAfx.h" /Fp"Debug\QQClient.pch" /Fo"Debug\\" /Fd"Debug\vc100.pdb" /Gd /TP /analyze- /errorReport:prompt stdafx.cpp
         stdafx.cpp
         F:\网络安全\VS2010\VC\bin\CL.exe /c /ZI /nologo /W3 /WX- /Od /Oy- /D WIN32 /D _WINDOWS /D _DEBUG /D _MBCS /D _AFXDLL /Gm /EHsc /RTC1 /MDd /GS /fp:precise /Zc:wchar_t /Zc:forScope /Yu"StdAfx.h" /Fp"Debug\QQClient.pch" /Fo"Debug\\" /Fd"Debug\vc100.pdb" /Gd /TP /analyze- /errorReport:prompt Login.cpp QQClient.cpp QQClientDlg.cpp
         QQClientDlg.cpp
     1>h:\mycode\qq\qqclient\qqclient\qqclientdlg.cpp(553): warning C4244: “=”: 从“ULONGLONG”转换到“DWORD”，可能丢失数据
     1>h:\mycode\qq\qqclient\qqclient\qqclientdlg.cpp(706): warning C4996: 'sprintf': This function or variable may be unsafe. Consider using sprintf_s instead. To disable deprecation, use _CRT_SECURE_NO_WARNINGS. See online help for details.
                 f:\网络安全\vs2010\vc\include\stdio.h(371) : 参见“sprintf”的声明
     1>h:\mycode\qq\qqclient\qqclient\qqclientdlg.cpp(707): warning C4996: 'sprintf': This function or variable may be unsafe. Consider using sprintf_s instead. To disable deprecation, use _CRT_SECURE_NO_WARNINGS. See online help for details.
                 f:\网络安全\vs2010\vc\include\stdio.h(371) : 参见“sprintf”的声明
     1>h:\mycode\qq\qqclient\qqclient\qqclientdlg.cpp(708): warning C4996: 'sprintf': This function or variable may be unsafe. Consider using sprintf_s instead. To disable deprecation, use _CRT_SECURE_NO_WARNINGS. See online help for details.
                 f:\网络安全\vs2010\vc\include\stdio.h(371) : 参见“sprintf”的声明
     1>h:\mycode\qq\qqclient\qqclient\qqclientdlg.cpp(709): warning C4996: 'sprintf': This function or variable may be unsafe. Consider using sprintf_s instead. To disable deprecation, use _CRT_SECURE_NO_WARNINGS. See online help for details.
                 f:\网络安全\vs2010\vc\include\stdio.h(371) : 参见“sprintf”的声明
     1>h:\mycode\qq\qqclient\qqclient\qqclientdlg.cpp(714): warning C4996: 'sprintf': This function or variable may be unsafe. Consider using sprintf_s instead. To disable deprecation, use _CRT_SECURE_NO_WARNINGS. See online help for details.
                 f:\网络安全\vs2010\vc\include\stdio.h(371) : 参见“sprintf”的声明
     1>h:\mycode\qq\qqclient\qqclient\qqclientdlg.cpp(716): warning C4996: 'sprintf': This function or variable may be unsafe. Consider using sprintf_s instead. To disable deprecation, use _CRT_SECURE_NO_WARNINGS. See online help for details.
                 f:\网络安全\vs2010\vc\include\stdio.h(371) : 参见“sprintf”的声明
     1>h:\mycode\qq\qqclient\qqclient\qqclientdlg.cpp(721): warning C4996: 'sprintf': This function or variable may be unsafe. Consider using sprintf_s instead. To disable deprecation, use _CRT_SECURE_NO_WARNINGS. See online help for details.
                 f:\网络安全\vs2010\vc\include\stdio.h(371) : 参见“sprintf”的声明
     1>h:\mycode\qq\qqclient\qqclient\qqclientdlg.cpp(723): warning C4996: 'sprintf': This function or variable may be unsafe. Consider using sprintf_s instead. To disable deprecation, use _CRT_SECURE_NO_WARNINGS. See online help for details.
                 f:\网络安全\vs2010\vc\include\stdio.h(371) : 参见“sprintf”的声明
     1>h:\mycode\qq\qqclient\qqclient\qqclientdlg.cpp(770): warning C4244: “=”: 从“double”转换到“float”，可能丢失数据
     1>h:\mycode\qq\qqclient\qqclient\qqclientdlg.cpp(775): warning C4244: “=”: 从“double”转换到“float”，可能丢失数据
     1>h:\mycode\qq\qqclient\qqclient\qqclientdlg.cpp(897): warning C4996: 'strcpy': This function or variable may be unsafe. Consider using strcpy_s instead. To disable deprecation, use _CRT_SECURE_NO_WARNINGS. See online help for details.
                 f:\网络安全\vs2010\vc\include\string.h(105) : 参见“strcpy”的声明
         QQClient.cpp
         Login.cpp
         正在生成代码...
       ResourceCompile:
         C:\Program Files (x86)\Microsoft SDKs\Windows\v7.0A\bin\rc.exe /D _DEBUG /D _AFXDLL /l"0x0804" /IDebug\ /nologo /fo"Debug\QQClient.res" QQClient.rc 
       ManifestResourceCompile:
         C:\Program Files (x86)\Microsoft SDKs\Windows\v7.0A\bin\rc.exe /nologo /fo"Debug\QQClient.exe.embed.manifest.res" Debug\QQClient_manifest.rc 
       Link:
         F:\网络安全\VS2010\VC\bin\link.exe /ERRORREPORT:PROMPT /OUT:"H:\mycode\QQ\QQClient\Debug\QQClient.exe" /INCREMENTAL /NOLOGO /MANIFEST /ManifestFile:"Debug\QQClient.exe.intermediate.manifest" /MANIFESTUAC:"level='asInvoker' uiAccess='false'" /DEBUG /PDB:"H:\mycode\QQ\QQClient\Debug\QQClient.pdb" /SUBSYSTEM:WINDOWS /TLBID:1 /DYNAMICBASE /NXCOMPAT /IMPLIB:"H:\mycode\QQ\QQClient\Debug\QQClient.lib" /MACHINE:X86 Debug\QQClient.res
         Debug\QQClient.exe.embed.manifest.res
         Debug\Login.obj
         Debug\QQClient.obj
         Debug\QQClientDlg.obj
         Debug\stdafx.obj
       Manifest:
         正在删除文件“Debug\QQClient.exe.embed.manifest”。
         C:\Program Files (x86)\Microsoft SDKs\Windows\v7.0A\bin\mt.exe /nologo /verbose /out:"Debug\QQClient.exe.embed.manifest" /manifest Debug\QQClient.exe.intermediate.manifest "F:\网络安全\VS2010\VC\Include\Manifest\dpiaware.manifest"
         C:\Program Files (x86)\Microsoft SDKs\Windows\v7.0A\bin\rc.exe /nologo /fo"Debug\QQClient.exe.embed.manifest.res" Debug\QQClient_manifest.rc 
       LinkEmbedManifest:
         F:\网络安全\VS2010\VC\bin\link.exe /ERRORREPORT:PROMPT /OUT:"H:\mycode\QQ\QQClient\Debug\QQClient.exe" /INCREMENTAL /NOLOGO /MANIFEST /ManifestFile:"Debug\QQClient.exe.intermediate.manifest" /MANIFESTUAC:"level='asInvoker' uiAccess='false'" /DEBUG /PDB:"H:\mycode\QQ\QQClient\Debug\QQClient.pdb" /SUBSYSTEM:WINDOWS /TLBID:1 /DYNAMICBASE /NXCOMPAT /IMPLIB:"H:\mycode\QQ\QQClient\Debug\QQClient.lib" /MACHINE:X86 Debug\QQClient.res
         Debug\QQClient.exe.embed.manifest.res
         Debug\Login.obj
         Debug\QQClient.obj
         Debug\QQClientDlg.obj
         Debug\stdafx.obj
         QQClient.vcxproj -> H:\mycode\QQ\QQClient\Debug\QQClient.exe
       FinalizeBuildStatus:
         正在删除文件“Debug\QQClient.unsuccessfulbuild”。
         正在对“Debug\QQClient.lastbuildstate”执行 Touch 任务。
     1>已完成生成项目“H:\mycode\QQ\QQClient\QQClient\QQClient.vcxproj”(rebuild 个目标)的操作。

生成成功。

已用时间 00:00:04.37
