H:\MYCODE\QQ\QQCLIENT\DEBUG\QQCLIENT.EXE
H:\MYCODE\QQ\QQCLIENT\DEBUG\QQCLIENT.ILK
H:\MYCODE\QQ\QQCLIENT\DEBUG\QQCLIENT.PDB
H:\mycode\QQ\QQClient\QQClient\Debug\cl.command.1.tlog
H:\mycode\QQ\QQClient\QQClient\Debug\CL.read.1.tlog
H:\mycode\QQ\QQClient\QQClient\Debug\CL.write.1.tlog
H:\mycode\QQ\QQClient\QQClient\Debug\link.3124.read.1.tlog
H:\mycode\QQ\QQClient\QQClient\Debug\link.3124.write.1.tlog
H:\mycode\QQ\QQClient\QQClient\Debug\link.3124-cvtres.read.1.tlog
H:\mycode\QQ\QQClient\QQClient\Debug\link.3124-cvtres.write.1.tlog
H:\mycode\QQ\QQClient\QQClient\Debug\link.command.1.tlog
H:\mycode\QQ\QQClient\QQClient\Debug\link.read.1.tlog
H:\mycode\QQ\QQClient\QQClient\Debug\link.write.1.tlog
H:\mycode\QQ\QQClient\QQClient\Debug\link-cvtres.read.1.tlog
H:\mycode\QQ\QQClient\QQClient\Debug\link-cvtres.write.1.tlog
H:\MYCODE\QQ\QQCLIENT\QQCLIENT\DEBUG\LOGIN.OBJ
H:\mycode\QQ\QQClient\QQClient\Debug\mt.command.1.tlog
H:\mycode\QQ\QQClient\QQClient\Debug\mt.read.1.tlog
H:\mycode\QQ\QQClient\QQClient\Debug\mt.write.1.tlog
H:\MYCODE\QQ\QQCLIENT\QQCLIENT\DEBUG\QQCLIENT.EXE.EMBED.MANIFEST
H:\MYCODE\QQ\QQCLIENT\QQCLIENT\DEBUG\QQCLIENT.EXE.EMBED.MANIFEST.RES
H:\MYCODE\QQ\QQCLIENT\QQCLIENT\DEBUG\QQCLIENT.EXE.INTERMEDIATE.MANIFEST
H:\MYCODE\QQ\QQCLIENT\QQCLIENT\DEBUG\QQCLIENT.OBJ
H:\MYCODE\QQ\QQCLIENT\QQCLIENT\DEBUG\QQCLIENT.PCH
H:\MYCODE\QQ\QQCLIENT\QQCLIENT\DEBUG\QQCLIENT.RES
H:\mycode\QQ\QQClient\QQClient\Debug\QQClient.write.1.tlog
H:\mycode\QQ\QQClient\QQClient\Debug\QQClient_manifest.rc
H:\MYCODE\QQ\QQCLIENT\QQCLIENT\DEBUG\QQCLIENTDLG.OBJ
H:\mycode\QQ\QQClient\QQClient\Debug\rc.command.1.tlog
H:\mycode\QQ\QQClient\QQClient\Debug\rc.read.1.tlog
H:\mycode\QQ\QQClient\QQClient\Debug\rc.write.1.tlog
H:\MYCODE\QQ\QQCLIENT\QQCLIENT\DEBUG\STDAFX.OBJ
H:\mycode\QQ\QQClient\QQClient\Debug\vc100.idb
H:\MYCODE\QQ\QQCLIENT\QQCLIENT\DEBUG\VC100.PDB
